Freecell:

Test Case: 1, [[], [], [4, 5, 1, 2, 6, 7, 10, 9, 3, 8]]
Running A* using the Dominating Heuristic:
Node: Counter: 0 State: [[], [], []] Path: ['2 -> 1', '2 -> 0', '1 -> 0', '2 -> 1', '2 -> 0', '1 -> 0', '2 -> 1', '0 -> 2', '0 -> 1', '2 -> 1', '0 -> 2', '1 -> 0', '1 -> 2', '0 -> 2', '0 -> 1', '2 -> 1', '2 -> 0', '1 -> 0', '2 -> 1', '0 -> 2', '0 -> 1', '2 -> 1', '2 -> 0', 'Discard: 10', 'Discard: 9', '2 -> 0', '1 -> 2', '1 -> 0', '2 -> 0', 'Discard: 8', '1 -> 2', '0 -> 2', '0 -> 1', '2 -> 1', '0 -> 2', '1 -> 0', '1 -> 2', '0 -> 2', 'Discard: 7', '1 -> 0', 'Discard: 6', '2 -> 0', '2 -> 1', '0 -> 1', 'Discard: 5', '2 -> 0', 'Discard: 4', 'Discard: 3', '1 -> 2', 'Discard: 2', 'Discard: 1']
 Total Nodes Examined: 3027
Running A* using the Dominated Heuristic:
Node: Counter: 0 State: [[], [], []] Path: ['2 -> 1', '2 -> 0', '1 -> 0', '2 -> 1', '2 -> 0', '1 -> 0', '2 -> 1', '0 -> 2', '0 -> 1', '2 -> 1', '0 -> 2', '1 -> 0', '1 -> 2', '0 -> 2', '0 -> 1', '2 -> 1', '2 -> 0', '1 -> 0', '2 -> 1', '0 -> 2', '0 -> 1', '2 -> 1', '2 -> 0', 'Discard: 10', 'Discard: 9', '2 -> 0', '1 -> 2', '1 -> 0', '2 -> 0', 'Discard: 8', '1 -> 2', '0 -> 2', '0 -> 1', '2 -> 1', '0 -> 2', '1 -> 0', '1 -> 2', '0 -> 2', 'Discard: 7', '1 -> 0', 'Discard: 6', '2 -> 0', '2 -> 1', '0 -> 1', 'Discard: 5', '2 -> 0', 'Discard: 4', '1 -> 2', 'Discard: 3', 'Discard: 2', 'Discard: 1']
 Total Nodes Examined: 9681

Test Case: 2, [[2, 11, 4], [3, 12, 6, 1], [7, 8, 9], [10, 5]]
Running A* using the Dominating Heuristic:
Node: None
 Total Nodes Examined: 15000
Running A* using the Dominated Heuristic:
Node: None
 Total Nodes Examined: 15000
Parking Lot:

Test Case: 1, ([(1, 2), (2, 2)], [[(4, 5), (5, 5)], [(4, 1), (4, 2), (4, 3)], [(2, 4), (2, 5)]])
Root Initial State: ([(1, 2), (2, 2)], [[(4, 5), (5, 5)], [(4, 1), (4, 2), (4, 3)], [(2, 4), (2, 5)]])
Running A* using the Dominating Heuristic:
Node: My Car: [(4, 2), (5, 2)] Other Cars: [[(2, 3), (2, 4)], [(2, 5), (3, 5)], [(4, 3), (4, 4), (4, 5)]] Goal: (5, 2) Path: ['[(1, 2), (2, 2)] -> [(2, 2), (3, 2)]', '[(2, 4), (2, 5)] -> [(2, 3), (2, 4)]', '[(4, 5), (5, 5)] -> [(3, 5), (4, 5)]', '[(3, 5), (4, 5)] -> [(2, 5), (3, 5)]', '[(4, 1), (4, 2), (4, 3)] -> [(4, 2), (4, 3), (4, 4)]', '[(4, 2), (4, 3), (4, 4)] -> [(4, 3), (4, 4), (4, 5)]', '[(2, 2), (3, 2)] -> [(3, 2), (4, 2)]', '[(3, 2), (4, 2)] -> [(4, 2), (5, 2)]']
 Total Nodes Examined: 110
Running A* using the Dominated Heuristic:
Node: My Car: [(4, 2), (5, 2)] Other Cars: [[(2, 3), (2, 4)], [(2, 5), (3, 5)], [(4, 3), (4, 4), (4, 5)]] Goal: (5, 2) Path: ['[(1, 2), (2, 2)] -> [(2, 2), (3, 2)]', '[(4, 1), (4, 2), (4, 3)] -> [(4, 2), (4, 3), (4, 4)]', '[(4, 5), (5, 5)] -> [(3, 5), (4, 5)]', '[(2, 4), (2, 5)] -> [(2, 3), (2, 4)]', '[(3, 5), (4, 5)] -> [(2, 5), (3, 5)]', '[(4, 2), (4, 3), (4, 4)] -> [(4, 3), (4, 4), (4, 5)]', '[(2, 2), (3, 2)] -> [(3, 2), (4, 2)]', '[(3, 2), (4, 2)] -> [(4, 2), (5, 2)]']
 Total Nodes Examined: 310

Test Case: 2, ([(3, 3), (3, 4)], [[(1, 2), (1, 3)], [(1, 5), (1, 6)], [(2, 2), (3, 2)], [(1, 4), (2, 4)], [(2, 6), (3, 6)], [(4, 6), (5, 6)]])
Root Initial State: ([(3, 3), (3, 4)], [[(1, 2), (1, 3)], [(1, 5), (1, 6)], [(2, 2), (3, 2)], [(1, 4), (2, 4)], [(2, 6), (3, 6)], [(4, 6), (5, 6)]])
Running A* using the Dominating Heuristic:
Node: My Car: [(3, 5), (3, 6)] Other Cars: [[(1, 2), (1, 3)], [(4, 6), (5, 6)], [(4, 2), (5, 2)], [(4, 4), (5, 4)], [(1, 4), (1, 5)], [(1, 6), (2, 6)]] Goal: (3, 6) Path: ['[(2, 2), (3, 2)] -> [(3, 2), (4, 2)]', '[(3, 2), (4, 2)] -> [(4, 2), (5, 2)]', '[(3, 3), (3, 4)] -> [(3, 2), (3, 3)]', '[(1, 4), (2, 4)] -> [(2, 4), (3, 4)]', '[(2, 4), (3, 4)] -> [(3, 4), (4, 4)]', '[(3, 4), (4, 4)] -> [(4, 4), (5, 4)]', '[(3, 2), (3, 3)] -> [(3, 3), (3, 4)]', '[(3, 3), (3, 4)] -> [(3, 4), (3, 5)]', '[(1, 5), (1, 6)] -> [(1, 4), (1, 5)]', '[(2, 6), (3, 6)] -> [(1, 6), (2, 6)]', '[(3, 4), (3, 5)] -> [(3, 5), (3, 6)]']
 Total Nodes Examined: 3196
Running A* using the Dominated Heuristic:
Node: None
 Total Nodes Examined: 5000
