----- Otter 3.3f, August 2004 -----
The process was started by pawlactb on cachemoney,
Wed Apr  1 17:49:13 2020
The command was "otter".  The process ID is 13555.

set(auto).
   dependent: set(auto1).
   dependent: set(process_input).
   dependent: clear(print_kept).
   dependent: clear(print_new_demod).
   dependent: clear(print_back_demod).
   dependent: clear(print_back_sub).
   dependent: set(control_memory).
   dependent: assign(max_mem, 12000).
   dependent: assign(pick_given_ratio, 4).
   dependent: assign(stats_level, 1).
   dependent: assign(max_seconds, 10800).

list(usable).
0 [] a|b|c|d.
0 [] a|b.
0 [] a|c.
0 [] a|d.
0 [] b|c.
0 [] b|d.
0 [] -a|b.
0 [] c.
0 [] d.
0 [] -c|b.
end_of_list.

list(sos).
0 [] -b.
end_of_list.
WARNING: Sos list not accepted in auto1 mode:
         sos clauses are being moved to usable list.

SCAN INPUT: prop=1, horn=0, equality=0, symmetry=0, max_lits=4.

The clause set is propositional; the strategy will be
ordered hyperresolution with the propositional
optimizations, with satellites in sos and nuclei in usable.

   dependent: set(hyper_res).
   dependent: set(propositional).
   dependent: set(sort_literals).

------------> process usable:
** KEPT (pick-wt=2): 1 [] -a|b.
** KEPT (pick-wt=2): 2 [] -c|b.
** KEPT (pick-wt=1): 3 [] -b.

------------> process sos:
** KEPT (pick-wt=4): 4 [] a|b|c|d.
** KEPT (pick-wt=2): 5 [] a|b.
** KEPT (pick-wt=2): 6 [] a|c.
** KEPT (pick-wt=2): 7 [] a|d.
** KEPT (pick-wt=2): 8 [] b|c.
** KEPT (pick-wt=2): 9 [] b|d.
** KEPT (pick-wt=1): 10 [] c.
** KEPT (pick-wt=1): 11 [] d.
5 back subsumes 4.
10 back subsumes 8.
10 back subsumes 6.
11 back subsumes 9.
11 back subsumes 7.

======= end of input processing =======

=========== start of search ===========

given clause #1: (wt=2) 5 [] a|b.

given clause #2: (wt=1) 10 [] c.

----> UNIT CONFLICT at   0.00 sec ----> 14 [binary,13.1,3.1] $F.

Length of proof is 1.  Level of proof is 1.

---------------- PROOF ----------------

2 [] -c|b.
3 [] -b.
10 [] c.
13 [hyper,10,2] b.
14 [binary,13.1,3.1] $F.

------------ end of proof -------------


Search stopped by max_proofs option.

============ end of search ============

-------------- statistics -------------
clauses given                  2
clauses generated              2
clauses kept                  13
clauses forward subsumed       0
clauses back subsumed          6
Kbytes malloced              976

----------- times (seconds) -----------
user CPU time          0.00          (0 hr, 0 min, 0 sec)
system CPU time        0.01          (0 hr, 0 min, 0 sec)
wall-clock time        0             (0 hr, 0 min, 0 sec)

That finishes the proof of the theorem.

Process 13555 finished Wed Apr  1 17:49:13 2020
